{
  "RSpec": {
    "coverage": {
      "/Users/joop_stark/turing_work/3mod/projects/lunch_and_learn/backend/spec/requests/api/v1/recipes_request_spec.rb": {
        "lines": [
          1,
          null,
          1,
          1,
          null,
          null,
          1,
          null,
          1,
          null,
          1,
          null,
          1,
          20,
          20,
          20,
          20,
          20,
          20,
          null,
          null,
          null,
          1,
          null,
          null,
          1,
          null,
          1,
          null,
          1,
          null,
          1,
          20,
          20,
          20,
          20,
          20,
          20,
          null,
          null,
          null,
          1,
          null,
          null,
          1,
          null,
          1,
          null,
          1,
          null,
          1,
          null,
          null,
          1,
          null,
          null,
          1,
          null,
          1,
          null,
          1,
          null,
          1,
          null,
          null
        ]
      },
      "/Users/joop_stark/turing_work/3mod/projects/lunch_and_learn/backend/config/environment.rb": {
        "lines": [
          null,
          1,
          null,
          null,
          1
        ]
      },
      "/Users/joop_stark/turing_work/3mod/projects/lunch_and_learn/backend/config/application.rb": {
        "lines": [
          1,
          null,
          1,
          null,
          1,
          1,
          1,
          1,
          1,
          1,
          1,
          1,
          1,
          1,
          null,
          null,
          null,
          null,
          1,
          null,
          1,
          1,
          null,
          1,
          null,
          null,
          null,
          null,
          null,
          null,
          null,
          null,
          null,
          null,
          null,
          null,
          1,
          null,
          null
        ]
      },
      "/Users/joop_stark/turing_work/3mod/projects/lunch_and_learn/backend/config/boot.rb": {
        "lines": [
          1,
          null,
          1,
          1
        ]
      },
      "/Users/joop_stark/turing_work/3mod/projects/lunch_and_learn/backend/config/environments/test.rb": {
        "lines": [
          1,
          null,
          null,
          null,
          null,
          null,
          null,
          1,
          null,
          null,
          null,
          1,
          null,
          null,
          null,
          null,
          1,
          null,
          null,
          1,
          1,
          null,
          null,
          null,
          null,
          1,
          1,
          1,
          null,
          null,
          1,
          null,
          null,
          1,
          null,
          null,
          1,
          null,
          1,
          null,
          null,
          null,
          null,
          1,
          null,
          null,
          1,
          null,
          null,
          1,
          null,
          null,
          1,
          null,
          null,
          null,
          null,
          null,
          null,
          null
        ]
      },
      "/Users/joop_stark/turing_work/3mod/projects/lunch_and_learn/backend/config/initializers/cors.rb": {
        "lines": [
          null,
          null,
          null,
          null,
          null,
          null,
          null,
          null,
          null,
          null,
          null,
          null,
          null,
          null,
          null,
          null
        ]
      },
      "/Users/joop_stark/turing_work/3mod/projects/lunch_and_learn/backend/config/initializers/filter_parameter_logging.rb": {
        "lines": [
          null,
          null,
          null,
          null,
          null,
          1,
          null,
          null
        ]
      },
      "/Users/joop_stark/turing_work/3mod/projects/lunch_and_learn/backend/config/initializers/inflections.rb": {
        "lines": [
          null,
          null,
          null,
          null,
          null,
          null,
          null,
          null,
          null,
          null,
          null,
          null,
          null,
          null,
          null,
          null
        ]
      },
      "/Users/joop_stark/turing_work/3mod/projects/lunch_and_learn/backend/config/routes.rb": {
        "lines": [
          1,
          null,
          null,
          null,
          null,
          1,
          1,
          1,
          1,
          null,
          null,
          null
        ]
      },
      "/Users/joop_stark/turing_work/3mod/projects/lunch_and_learn/backend/spec/requests/api/v1/tourist_sites_request_spec.rb": {
        "lines": [
          1,
          null,
          1,
          1,
          null,
          null,
          1,
          null,
          1,
          null,
          1,
          null,
          1,
          null,
          20,
          20,
          20,
          20,
          20,
          20,
          20,
          null,
          null,
          null,
          1,
          null,
          null,
          1,
          null,
          1,
          null,
          1,
          null,
          1,
          null,
          20,
          20,
          20,
          20,
          20,
          20,
          20,
          null,
          null,
          null,
          1,
          null,
          null,
          1,
          null,
          1,
          null,
          1,
          null,
          1,
          null,
          20,
          20,
          20,
          20,
          20,
          20,
          20,
          null,
          null,
          null,
          1,
          null,
          null,
          1,
          null,
          1,
          null,
          1,
          null,
          null
        ]
      },
      "/Users/joop_stark/turing_work/3mod/projects/lunch_and_learn/backend/spec/services/country_service_spec.rb": {
        "lines": [
          1,
          null,
          1,
          1,
          3,
          null,
          null,
          1,
          1,
          1,
          1,
          null,
          null,
          null,
          null,
          1,
          1,
          1,
          null,
          null,
          1,
          null,
          1,
          null,
          null,
          null,
          1,
          1,
          1,
          null,
          1,
          null,
          1,
          null,
          null,
          null,
          null
        ]
      },
      "/Users/joop_stark/turing_work/3mod/projects/lunch_and_learn/backend/app/services/country_service.rb": {
        "lines": [
          1,
          null,
          1,
          8,
          null,
          null,
          1,
          2,
          null,
          2,
          null,
          null,
          1,
          5,
          5,
          null,
          null,
          5,
          null,
          null,
          null
        ]
      },
      "/Users/joop_stark/turing_work/3mod/projects/lunch_and_learn/backend/app/services/application_service.rb": {
        "lines": [
          1,
          1,
          16,
          null,
          null
        ]
      },
      "/Users/joop_stark/turing_work/3mod/projects/lunch_and_learn/backend/spec/services/place_service_spec.rb": {
        "lines": [
          1,
          null,
          1,
          1,
          2,
          null,
          null,
          1,
          1,
          1,
          1,
          null,
          null,
          null,
          null,
          1,
          1,
          1,
          null,
          null,
          0,
          null,
          null,
          0,
          0,
          null,
          null,
          null,
          null,
          null,
          1,
          1,
          null,
          null,
          1,
          null,
          1,
          null,
          null,
          null,
          null,
          null
        ]
      },
      "/Users/joop_stark/turing_work/3mod/projects/lunch_and_learn/backend/app/services/place_service.rb": {
        "lines": [
          1,
          null,
          1,
          5,
          5,
          null,
          null,
          null,
          null,
          null,
          null,
          null,
          null,
          null,
          null,
          null,
          null,
          null,
          1,
          4,
          null,
          4,
          null,
          4,
          null,
          null,
          null,
          null
        ]
      },
      "/Users/joop_stark/turing_work/3mod/projects/lunch_and_learn/backend/spec/services/recipe_service_spec.rb": {
        "lines": [
          1,
          null,
          1,
          1,
          2,
          null,
          null,
          1,
          1,
          1,
          1,
          null,
          null,
          null,
          null,
          1,
          1,
          1,
          null,
          null,
          1,
          null,
          1,
          null,
          1,
          1,
          null,
          1,
          null,
          1,
          null,
          1,
          1,
          null,
          1,
          1,
          null,
          null,
          null,
          null
        ]
      },
      "/Users/joop_stark/turing_work/3mod/projects/lunch_and_learn/backend/app/services/recipe_service.rb": {
        "lines": [
          1,
          null,
          1,
          6,
          6,
          6,
          6,
          null,
          null,
          null,
          1,
          5,
          null,
          5,
          null,
          null,
          null,
          null
        ]
      },
      "/Users/joop_stark/turing_work/3mod/projects/lunch_and_learn/backend/app/controllers/api/v1/recipes_controller.rb": {
        "lines": [
          1,
          1,
          4,
          3,
          null,
          null,
          1,
          null,
          null,
          null,
          null,
          4,
          40,
          null,
          null,
          null,
          null
        ]
      },
      "/Users/joop_stark/turing_work/3mod/projects/lunch_and_learn/backend/app/controllers/application_controller.rb": {
        "lines": [
          1,
          null
        ]
      },
      "/Users/joop_stark/turing_work/3mod/projects/lunch_and_learn/backend/app/serializers/recipe_serializer.rb": {
        "lines": [
          1,
          1,
          1,
          null
        ]
      },
      "/Users/joop_stark/turing_work/3mod/projects/lunch_and_learn/backend/app/poros/recipe.rb": {
        "lines": [
          1,
          1,
          1,
          40,
          40,
          40,
          40,
          40,
          null,
          null,
          null
        ]
      },
      "/Users/joop_stark/turing_work/3mod/projects/lunch_and_learn/backend/app/controllers/api/v1/tourist_sites_controller.rb": {
        "lines": [
          1,
          1,
          4,
          null,
          4,
          3,
          null,
          null,
          60,
          null,
          null,
          1,
          null,
          null,
          null
        ]
      },
      "/Users/joop_stark/turing_work/3mod/projects/lunch_and_learn/backend/app/serializers/tourist_site_serializer.rb": {
        "lines": [
          1,
          1,
          1,
          null
        ]
      },
      "/Users/joop_stark/turing_work/3mod/projects/lunch_and_learn/backend/app/poros/tourist_site.rb": {
        "lines": [
          1,
          1,
          1,
          60,
          60,
          60,
          60,
          null,
          null,
          1,
          60,
          58,
          2,
          0,
          null,
          2,
          null,
          null,
          null
        ]
      }
    },
    "timestamp": 1699901374
  }
}
